
Showing logs for build [32mmadamowicz-jx-go-master-1[0m stage [32mfrom-build-pack[0m and container [32mstep-credential-initializer-2s6rz[0m
{"level":"warn","ts":1575368997.1845026,"logger":"fallback-logger","caller":"logging/config.go:69","msg":"Fetch GitHub commit ID from kodata failed: \"ref: refs/heads/master\" is not a valid GitHub commit ID"}
{"level":"info","ts":1575368997.184923,"logger":"fallback-logger","caller":"creds-init/main.go:40","msg":"Credentials initialized."}

Showing logs for build [32mmadamowicz-jx-go-master-1[0m stage [32mfrom-build-pack[0m and container [32mstep-working-dir-initializer-gt8mh[0m
{"level":"warn","ts":1575368999.1009223,"logger":"fallback-logger","caller":"logging/config.go:69","msg":"Fetch GitHub commit ID from kodata failed: open /var/run/ko/HEAD: no such file or directory"}
{"level":"info","ts":1575368999.1025944,"logger":"fallback-logger","caller":"bash/main.go:65","msg":"Successfully executed command \"mkdir -p /workspace/source\""}

Showing logs for build [32mmadamowicz-jx-go-master-1[0m stage [32mfrom-build-pack[0m and container [32mstep-place-tools[0m

Showing logs for build [32mmadamowicz-jx-go-master-1[0m stage [32mfrom-build-pack[0m and container [32mstep-git-source-madamowicz-jx-go-master-5lwz7[0m
{"level":"warn","ts":1575369011.111405,"logger":"fallback-logger","caller":"logging/config.go:69","msg":"Fetch GitHub commit ID from kodata failed: \"ref: refs/heads/master\" is not a valid GitHub commit ID"}
{"level":"info","ts":1575369011.3436587,"logger":"fallback-logger","caller":"git/git.go:102","msg":"Successfully cloned https://github.com/**********/jx-go.git @ v0.0.1 in path /workspace/source"}

Showing logs for build [32mmadamowicz-jx-go-master-1[0m stage [32mfrom-build-pack[0m and container [32mstep-git-merge[0m
Using SHAs from PULL_REFS=master:
WARNING: no SHAs to merge, falling back to initial cloned commit

Showing logs for build [32mmadamowicz-jx-go-master-1[0m stage [32mfrom-build-pack[0m and container [32mstep-setup-jx-git-credentials[0m
Generated Git credentials file /workspace/xdg_config/git/credentials

Showing logs for build [32mmadamowicz-jx-go-master-1[0m stage [32mfrom-build-pack[0m and container [32mstep-build-make-build[0m
CGO_ENABLED=0 GO15VENDOREXPERIMENT=1 go build -ldflags '' -o bin/jx-go main.go

Showing logs for build [32mmadamowicz-jx-go-master-1[0m stage [32mfrom-build-pack[0m and container [32mstep-build-container-build[0m
[36mINFO[0m[0000] No base image, nothing to extract            
[36mINFO[0m[0000] cmd: EXPOSE                                  
[36mINFO[0m[0000] Adding exposed port: 8080/tcp                
[36mINFO[0m[0000] Using files from context: [/workspace/source/bin] 
[36mINFO[0m[0000] Skipping unpacking as no commands require it. 
[36mINFO[0m[0000] Taking snapshot of full filesystem...        
[36mINFO[0m[0000] EXPOSE 8080                                  
[36mINFO[0m[0000] cmd: EXPOSE                                  
[36mINFO[0m[0000] Adding exposed port: 8080/tcp                
[36mINFO[0m[0000] No files changed in this command, skipping snapshotting. 
[36mINFO[0m[0000] ENTRYPOINT ["/jx-go"]                        
[36mINFO[0m[0000] No files changed in this command, skipping snapshotting. 
[36mINFO[0m[0000] Using files from context: [/workspace/source/bin] 
[36mINFO[0m[0000] COPY ./bin/ /                                
[36mINFO[0m[0000] Taking snapshot of files...                  
ERROR: logging before flag.Parse: E1203 10:30:22.299487      11 metadata.go:142] while reading 'google-dockercfg' metadata: http status code: 404 while fetching url http://metadata.google.internal./computeMetadata/v1/instance/attributes/google-dockercfg
ERROR: logging before flag.Parse: E1203 10:30:22.304993      11 metadata.go:159] while reading 'google-dockercfg-url' metadata: http status code: 404 while fetching url http://metadata.google.internal./computeMetadata/v1/instance/attributes/google-dockercfg-url
2019/12/03 10:30:22 pushed blob: sha256:21d7dc5018bbd54ffdbec733a544193805a67c5481c86e292677a723641c5571
2019/12/03 10:30:22 pushed blob: sha256:b94f1de5ecc4220042a216ca994741f94e24468dfc7f35304b22978483c60f21
2019/12/03 10:30:22 10.67.240.182:5000/**********/jx-go:0.0.1: digest: sha256:8595a60940f785206fd3d4dc29749f6382d841eec80d773f9e550929aa24529f size: 428

Showing logs for build [32mmadamowicz-jx-go-master-1[0m stage [32mfrom-build-pack[0m and container [32mstep-build-post-build[0m
no CVE provider running in the current ********** namespace so skip adding image to be analysed

Showing logs for build [32mmadamowicz-jx-go-master-1[0m stage [32mfrom-build-pack[0m and container [32mstep-promote-changelog[0m
Converted /workspace/source/charts/jx-go to an unshallow repository
Generating change log from git ref 095614066d50896beaccac62779dd0055876399d => 7d1eaf06f38f0f93be9818c807ed5395694c0bf0
Associating user x-0 in users.jenkins.io with email martin.adamowicz@gmail.com to git GitProvider user with login -0 as emails match
Adding label jenkins.io/git-github-userid=-0 to user x-0 in users.jenkins.io
WARNING: Failed to enrich commit f3383475d9a193e43da7a49461173f16f8d3c027 with issues: User.jenkins.io "x-0" is invalid: metadata.labels: Invalid value: "-0": a valid label must be an empty string or consist of alphanumeric characters, '-', '_' or '.', and must start and end with an alphanumeric character (e.g. 'MyValue',  or 'my_value',  or '12345', regex used for validation is '(([A-Za-z0-9][-A-Za-z0-9_.]*)?[A-Za-z0-9])?')
Finding issues in commit messages using git format
WARNING: No release found for **********/jx-go and tag v0.0.1 so creating a new release
Updated the release information at https://github.com/**********/jx-go/releases/tag/v0.0.1
generated: /workspace/source/charts/jx-go/templates/release.yaml
Created Release jx-go-0-0-1 resource in namespace **********
Updating PipelineActivity **********-jx-go-master-1 with version 0.0.1
Updated PipelineActivities **********-jx-go-master-1 with release notes URL: https://github.com/**********/jx-go/releases/tag/v0.0.1

Showing logs for build [32mmadamowicz-jx-go-master-1[0m stage [32mfrom-build-pack[0m and container [32mstep-promote-helm-release[0m
WARNING: No $CHART_REPOSITORY defined so using the default value of: http://jenkins-x-chartmuseum:8080
Adding missing Helm repo: storage.googleapis.com https://storage.googleapis.com/chartmuseum.jenkins-x.io
Successfully added Helm repository storage.googleapis.com.
Adding missing Helm repo: jenkins-x-chartmuseum http://jenkins-x-chartmuseum:8080
Successfully added Helm repository jenkins-x-chartmuseum.
WARNING: No $CHART_REPOSITORY defined so using the default value of: http://jenkins-x-chartmuseum:8080
Uploading chart file jx-go-0.0.1.tgz to http://jenkins-x-chartmuseum:8080/api/charts
Received 201 response: {"saved":true}

Showing logs for build [32mmadamowicz-jx-go-master-1[0m stage [32mfrom-build-pack[0m and container [32mstep-promote-jx-promote[0m
WARNING: prow based install so skip waiting for the merge of Pull Requests to go green as currently there is an issue with gettingstatuses from the PR, see https://github.com/jenkins-x/jx/issues/2410
WARNING: No $CHART_REPOSITORY defined so using the default value of: http://jenkins-x-chartmuseum:8080
Promoting app jx-go version 0.0.1 to namespace **********-staging
Created Pull Request: https://github.com/**********/environment-jx-rocks-staging/pull/1
got git provider status pending from PR https://github.com/**********/environment-jx-rocks-staging/pull/1
got git provider status pending from PR https://github.com/**********/environment-jx-rocks-staging/pull/1
got git provider status pending from PR https://github.com/**********/environment-jx-rocks-staging/pull/1
got git provider status pending from PR https://github.com/**********/environment-jx-rocks-staging/pull/1
Pull Request https://github.com/**********/environment-jx-rocks-staging/pull/1 is merged at sha 839c11b2763d854181e6b5c19762cc532ebc44e6
Pull Request merged but we are not waiting for the update pipeline to complete!
WARNING: Could not find the service URL in namespace **********-staging for names jx-go, **********-jx-go, **********-staging-jx-go
